<?xml version="1.0" encoding="UTF-8"?>
<!-- Generated by org.testng.reporters.JUnitReportReporter -->
<testsuite skipped="0" hostname="ARAVINDA-DELL-PERSONAL" name="com.testng.CreateMultipleCustomerTest" tests="2" failures="0" timestamp="2021-06-06T15:53:22 IST" time="13.432" errors="0">
  <testcase name="createCustomer" time="7.310" classname="com.testng.CreateMultipleCustomerTest"/>
  <system-out/>
  <testcase name="createCustomer" time="6.122" classname="com.testng.CreateMultipleCustomerTest"/>
  <system-out/>
</testsuite> <!-- com.testng.CreateMultipleCustomerTest -->
