<?xml version="1.0" encoding="UTF-8"?>
<!-- Generated by org.testng.reporters.JUnitReportReporter -->
<testsuite skipped="0" hostname="ARAVINDA-DELL-PERSONAL" name="com.testng.OrderOfExecutionUsingPriority" tests="4" failures="0" timestamp="2021-06-06T15:09:54 IST" time="0.011" errors="0">
  <testcase name="launch" time="0.008" classname="com.testng.OrderOfExecutionUsingPriority"/>
  <system-out/>
  <testcase name="login" time="0.001" classname="com.testng.OrderOfExecutionUsingPriority"/>
  <system-out/>
  <testcase name="createCustomer" time="0.001" classname="com.testng.OrderOfExecutionUsingPriority"/>
  <system-out/>
  <testcase name="logout" time="0.001" classname="com.testng.OrderOfExecutionUsingPriority"/>
  <system-out/>
</testsuite> <!-- com.testng.OrderOfExecutionUsingPriority -->
