<?xml version="1.0" encoding="UTF-8"?>
<!-- Generated by org.testng.reporters.JUnitReportReporter -->
<testsuite skipped="0" hostname="ARAVINDA-DELL-PERSONAL" name="com.testng.DataproviderDemo" tests="2" failures="0" timestamp="2021-06-06T15:30:19 IST" time="0.006" errors="0">
  <testcase name="f" time="0.001" classname="com.testng.DataproviderDemo"/>
  <system-out/>
  <testcase name="f" time="0.005" classname="com.testng.DataproviderDemo"/>
  <system-out/>
</testsuite> <!-- com.testng.DataproviderDemo -->
