<?xml version="1.0" encoding="UTF-8"?>
<!-- Generated by org.testng.reporters.JUnitReportReporter -->
<testsuite skipped="0" hostname="ARAVINDA-DELL-PERSONAL" name="com.testng.CreateCustomerTest" tests="1" failures="0" timestamp="2021-06-06T15:38:23 IST" time="13.769" errors="0">
  <testcase name="createCustomer" time="13.769" classname="com.testng.CreateCustomerTest"/>
  <system-out/>
</testsuite> <!-- com.testng.CreateCustomerTest -->
