<?xml version="1.0" encoding="UTF-8"?>
<!-- Generated by org.testng.reporters.JUnitReportReporter -->
<testsuite skipped="0" hostname="ARAVINDA-DELL-PERSONAL" name="com.pom.test.LoginTest" tests="2" failures="0" timestamp="2021-06-06T16:58:29 IST" time="13.042" errors="0">
  <testcase name="validLoginTest" time="7.620" classname="com.pom.test.LoginTest"/>
  <system-out/>
  <testcase name="invalidLoginTest" time="5.422" classname="com.pom.test.LoginTest"/>
  <system-out/>
</testsuite> <!-- com.pom.test.LoginTest -->
